<?xml version="1.0" encoding="UTF-8" ?>
<testsuite tests="32" failures="0" name="runnerPackage.Testrunner" time="0.059" errors="0" skipped="15">
  <properties>
[...]
</properties>
  <testcase classname="| 180 | 66 | &quot;Normal&quot; |" name="Given user is on BMI page" time="0.002"/>
  <testcase classname="| 180 | 66 | &quot;Normal&quot; |" name="When user enters 180 in centimeters" time="0.004"/>
  <testcase classname="| 180 | 66 | &quot;Normal&quot; |" name="And user enters 66 in Kilos" time="0"/>
  <testcase classname="| 180 | 66 | &quot;Normal&quot; |" name="And user clicks on Calculate button" time="0"/>
  <testcase classname="| 180 | 66 | &quot;Normal&quot; |" name="Then BMI is displayed is BMI" time="0"/>
  <testcase classname="| 180 | 66 | &quot;Normal&quot; |" name="Then Category is displayed in &quot;Normal&quot;" time="0"/>
  <testcase classname="| 180 | 66 | &quot;Normal&quot; |" name="| 180 | 66 | &quot;Normal&quot; |" time="0"/>
  <testcase classname="| 160 | 80 | &quot;Obesity&quot; |" name="Given user is on BMI page" time="0"/>
  <testcase classname="| 160 | 80 | &quot;Obesity&quot; |" name="When user enters 160 in centimeters" time="0"/>
  <testcase classname="| 160 | 80 | &quot;Obesity&quot; |" name="And user enters 80 in Kilos" time="0"/>
  <testcase classname="| 160 | 80 | &quot;Obesity&quot; |" name="And user clicks on Calculate button" time="0"/>
  <testcase classname="| 160 | 80 | &quot;Obesity&quot; |" name="Then BMI is displayed is BMI" time="0"/>
  <testcase classname="| 160 | 80 | &quot;Obesity&quot; |" name="Then Category is displayed in &quot;Obesity&quot;" time="0"/>
  <testcase classname="| 160 | 80 | &quot;Obesity&quot; |" name="| 160 | 80 | &quot;Obesity&quot; |" time="0.001"/>
  <testcase classname="| 450 | 26500 | &quot;pro1&quot; |" name="Given the cow weighs 450 kg" time="0.001">
    <skipped/>
    <system-out>
  Scenario Outline: Testing of BMI page     &amp;#27;[90m# BMIPage.feature:14&amp;#27;[0m
    &amp;#27;[32mGiven &amp;#27;[0m&amp;#27;[32muser is on BMI page&amp;#27;[0m               &amp;#27;[90m# BMIPageSteps.user_is_on_BMI_page()&amp;#27;[0m
    &amp;#27;[32mWhen &amp;#27;[0m&amp;#27;[32muser enters &amp;#27;[0m&amp;#27;[32m&amp;#27;[1m160&amp;#27;[0m&amp;#27;[32m in centimeters&amp;#27;[0m     &amp;#27;[90m# BMIPageSteps.user_enters_in_centimeters(String)&amp;#27;[0m
    &amp;#27;[32mAnd &amp;#27;[0m&amp;#27;[32muser enters &amp;#27;[0m&amp;#27;[32m&amp;#27;[1m80&amp;#27;[0m&amp;#27;[32m in Kilos&amp;#27;[0m             &amp;#27;[90m# BMIPageSteps.user_enters_in_Kilos(String)&amp;#27;[0m
    &amp;#27;[32mAnd &amp;#27;[0m&amp;#27;[32muser clicks on Calculate button&amp;#27;[0m     &amp;#27;[90m# BMIPageSteps.user_clicks_on_Calculate_button()&amp;#27;[0m
    &amp;#27;[32mThen &amp;#27;[0m&amp;#27;[32mBMI is displayed is BMI&amp;#27;[0m            &amp;#27;[90m# BMIPageSteps.BMI_is_displayed_is_BMI()&amp;#27;[0m
    &amp;#27;[32mThen &amp;#27;[0m&amp;#27;[32mCategory is displayed in &quot;&amp;#27;[0m&amp;#27;[32m&amp;#27;[1mObesity&amp;#27;[0m&amp;#27;[32m&quot;&amp;#27;[0m &amp;#27;[90m# BMIPageSteps.Category_is_displayed_in(String)&amp;#27;[0m
Feature: feeding a suckler cow

  Scenario Outline: feeding a suckler cow      &amp;#27;[90m# sample.feature:3&amp;#27;[0m
    &amp;#27;[36mGiven &amp;#27;[0m&amp;#27;[36mthe cow weighs &lt;weight&gt; kg&amp;#27;[0m
    &amp;#27;[36mWhen &amp;#27;[0m&amp;#27;[36mwe calculate the feeding requirements&amp;#27;[0m
    &amp;#27;[36mThen &amp;#27;[0m&amp;#27;[36mthe energy should be &lt;energy&gt; MJ&amp;#27;[0m
    &amp;#27;[36mAnd &amp;#27;[0m&amp;#27;[36mthe protein should be &lt;protein&gt; kg&amp;#27;[0m

    Examples: 
</system-out>
  </testcase>
  <testcase classname="| 450 | 26500 | &quot;pro1&quot; |" name="When we calculate the feeding requirements" time="0.002">
    <skipped/>
  </testcase>
  <testcase classname="| 450 | 26500 | &quot;pro1&quot; |" name="Then the energy should be 26500 MJ" time="0.005">
    <skipped/>
  </testcase>
  <testcase classname="| 450 | 26500 | &quot;pro1&quot; |" name="And the protein should be &quot;pro1&quot; kg" time="0.005">
    <skipped/>
  </testcase>
  <testcase classname="| 450 | 26500 | &quot;pro1&quot; |" name="| 450 | 26500 | &quot;pro1&quot; |" time="0.005">
    <skipped/>
  </testcase>
  <testcase classname="| 450 | 26500 | &quot;pro1&quot; |" name="| 450 | 26500 | &quot;pro1&quot; |" time="0.005"/>
  <testcase classname="| 500 | 29500 | &quot;vita&quot; |" name="Given the cow weighs 500 kg" time="0.001">
    <skipped/>
    <system-out>
  Scenario Outline: feeding a suckler cow      &amp;#27;[90m# sample.feature:11&amp;#27;[0m
    &amp;#27;[33mGiven &amp;#27;[0m&amp;#27;[33mthe cow weighs 450 kg&amp;#27;[0m
    &amp;#27;[33mWhen &amp;#27;[0m&amp;#27;[33mwe calculate the feeding requirements&amp;#27;[0m
    &amp;#27;[33mThen &amp;#27;[0m&amp;#27;[33mthe energy should be 26500 MJ&amp;#27;[0m
    &amp;#27;[33mAnd &amp;#27;[0m&amp;#27;[33mthe protein should be &quot;pro1&quot; kg&amp;#27;[0m
</system-out>
  </testcase>
  <testcase classname="| 500 | 29500 | &quot;vita&quot; |" name="When we calculate the feeding requirements" time="0.002">
    <skipped/>
  </testcase>
  <testcase classname="| 500 | 29500 | &quot;vita&quot; |" name="Then the energy should be 29500 MJ" time="0.002">
    <skipped/>
  </testcase>
  <testcase classname="| 500 | 29500 | &quot;vita&quot; |" name="And the protein should be &quot;vita&quot; kg" time="0.002">
    <skipped/>
  </testcase>
  <testcase classname="| 500 | 29500 | &quot;vita&quot; |" name="| 500 | 29500 | &quot;vita&quot; |" time="0.002">
    <skipped/>
  </testcase>
  <testcase classname="| 500 | 29500 | &quot;vita&quot; |" name="| 500 | 29500 | &quot;vita&quot; |" time="0.002"/>
  <testcase classname="| 575 | 31500 | &quot;carb&quot; |" name="Given the cow weighs 575 kg" time="0.002">
    <skipped/>
    <system-out>
  Scenario Outline: feeding a suckler cow      &amp;#27;[90m# sample.feature:12&amp;#27;[0m
    &amp;#27;[33mGiven &amp;#27;[0m&amp;#27;[33mthe cow weighs 500 kg&amp;#27;[0m
    &amp;#27;[33mWhen &amp;#27;[0m&amp;#27;[33mwe calculate the feeding requirements&amp;#27;[0m
    &amp;#27;[33mThen &amp;#27;[0m&amp;#27;[33mthe energy should be 29500 MJ&amp;#27;[0m
    &amp;#27;[33mAnd &amp;#27;[0m&amp;#27;[33mthe protein should be &quot;vita&quot; kg&amp;#27;[0m
</system-out>
  </testcase>
  <testcase classname="| 575 | 31500 | &quot;carb&quot; |" name="When we calculate the feeding requirements" time="0.002">
    <skipped/>
  </testcase>
  <testcase classname="| 575 | 31500 | &quot;carb&quot; |" name="Then the energy should be 31500 MJ" time="0.003">
    <skipped/>
  </testcase>
  <testcase classname="| 575 | 31500 | &quot;carb&quot; |" name="And the protein should be &quot;carb&quot; kg" time="0.003">
    <skipped/>
  </testcase>
  <testcase classname="| 575 | 31500 | &quot;carb&quot; |" name="| 575 | 31500 | &quot;carb&quot; |" time="0.004">
    <skipped/>
  </testcase>
  <testcase classname="| 575 | 31500 | &quot;carb&quot; |" name="| 575 | 31500 | &quot;carb&quot; |" time="0.004"/>
</testsuite>